Determining if the pthread_create exist failed with the following output:
Change Dir: /home/pascal/dd2419_ws/build/crazyflie_demo/CMakeFiles/CMakeTmp

Run Build Command:"/usr/bin/make" "cmTC_f557d/fast"
/usr/bin/make -f CMakeFiles/cmTC_f557d.dir/build.make CMakeFiles/cmTC_f557d.dir/build
make[1]: Entering directory '/home/pascal/dd2419_ws/build/crazyflie_demo/CMakeFiles/CMakeTmp'
Building C object CMakeFiles/cmTC_f557d.dir/CheckSymbolExists.c.o
/usr/bin/cc    -o CMakeFiles/cmTC_f557d.dir/CheckSymbolExists.c.o   -c /home/pascal/dd2419_ws/build/crazyflie_demo/CMakeFiles/CMakeTmp/CheckSymbolExists.c
Linking C executable cmTC_f557d
/usr/bin/cmake -E cmake_link_script CMakeFiles/cmTC_f557d.dir/link.txt --verbose=1
/usr/bin/cc      -rdynamic CMakeFiles/cmTC_f557d.dir/CheckSymbolExists.c.o  -o cmTC_f557d 
CMakeFiles/cmTC_f557d.dir/CheckSymbolExists.c.o: In function `main':
CheckSymbolExists.c:(.text+0x1b): undefined reference to `pthread_create'
collect2: error: ld returned 1 exit status
CMakeFiles/cmTC_f557d.dir/build.make:97: recipe for target 'cmTC_f557d' failed
make[1]: *** [cmTC_f557d] Error 1
make[1]: Leaving directory '/home/pascal/dd2419_ws/build/crazyflie_demo/CMakeFiles/CMakeTmp'
Makefile:126: recipe for target 'cmTC_f557d/fast' failed
make: *** [cmTC_f557d/fast] Error 2

File /home/pascal/dd2419_ws/build/crazyflie_demo/CMakeFiles/CMakeTmp/CheckSymbolExists.c:
/* */
#include <pthread.h>

int main(int argc, char** argv)
{
  (void)argv;
#ifndef pthread_create
  return ((int*)(&pthread_create))[argc];
#else
  (void)argc;
  return 0;
#endif
}

Determining if the function pthread_create exists in the pthreads failed with the following output:
Change Dir: /home/pascal/dd2419_ws/build/crazyflie_demo/CMakeFiles/CMakeTmp

Run Build Command:"/usr/bin/make" "cmTC_275ce/fast"
/usr/bin/make -f CMakeFiles/cmTC_275ce.dir/build.make CMakeFiles/cmTC_275ce.dir/build
make[1]: Entering directory '/home/pascal/dd2419_ws/build/crazyflie_demo/CMakeFiles/CMakeTmp'
Building C object CMakeFiles/cmTC_275ce.dir/CheckFunctionExists.c.o
/usr/bin/cc   -DCHECK_FUNCTION_EXISTS=pthread_create   -o CMakeFiles/cmTC_275ce.dir/CheckFunctionExists.c.o   -c /usr/share/cmake-3.10/Modules/CheckFunctionExists.c
Linking C executable cmTC_275ce
/usr/bin/cmake -E cmake_link_script CMakeFiles/cmTC_275ce.dir/link.txt --verbose=1
/usr/bin/cc  -DCHECK_FUNCTION_EXISTS=pthread_create    -rdynamic CMakeFiles/cmTC_275ce.dir/CheckFunctionExists.c.o  -o cmTC_275ce -lpthreads 
/usr/bin/ld: cannot find -lpthreads
collect2: error: ld returned 1 exit status
CMakeFiles/cmTC_275ce.dir/build.make:97: recipe for target 'cmTC_275ce' failed
make[1]: *** [cmTC_275ce] Error 1
make[1]: Leaving directory '/home/pascal/dd2419_ws/build/crazyflie_demo/CMakeFiles/CMakeTmp'
Makefile:126: recipe for target 'cmTC_275ce/fast' failed
make: *** [cmTC_275ce/fast] Error 2


