Linked: (/home/pascal/dd2419_ws/devel/.private/crazyflie_gazebo/include/crazyflie_gazebo/LandRequest.h, /home/pascal/dd2419_ws/devel/include/crazyflie_gazebo/LandRequest.h)
Linked: (/home/pascal/dd2419_ws/devel/.private/crazyflie_gazebo/include/crazyflie_gazebo/AddCrazyflieResponse.h, /home/pascal/dd2419_ws/devel/include/crazyflie_gazebo/AddCrazyflieResponse.h)
Linked: (/home/pascal/dd2419_ws/devel/.private/crazyflie_gazebo/include/crazyflie_gazebo/sendPacket.h, /home/pascal/dd2419_ws/devel/include/crazyflie_gazebo/sendPacket.h)
Linked: (/home/pascal/dd2419_ws/devel/.private/crazyflie_gazebo/include/crazyflie_gazebo/TakeoffRequest.h, /home/pascal/dd2419_ws/devel/include/crazyflie_gazebo/TakeoffRequest.h)
Linked: (/home/pascal/dd2419_ws/devel/.private/crazyflie_gazebo/include/crazyflie_gazebo/UpdateParamsRequest.h, /home/pascal/dd2419_ws/devel/include/crazyflie_gazebo/UpdateParamsRequest.h)
Linked: (/home/pascal/dd2419_ws/devel/.private/crazyflie_gazebo/include/crazyflie_gazebo/TakeoffResponse.h, /home/pascal/dd2419_ws/devel/include/crazyflie_gazebo/TakeoffResponse.h)
Linked: (/home/pascal/dd2419_ws/devel/.private/crazyflie_gazebo/include/crazyflie_gazebo/RemoveCrazyflie.h, /home/pascal/dd2419_ws/devel/include/crazyflie_gazebo/RemoveCrazyflie.h)
Linked: (/home/pascal/dd2419_ws/devel/.private/crazyflie_gazebo/include/crazyflie_gazebo/SetGroupMask.h, /home/pascal/dd2419_ws/devel/include/crazyflie_gazebo/SetGroupMask.h)
Linked: (/home/pascal/dd2419_ws/devel/.private/crazyflie_gazebo/include/crazyflie_gazebo/StartTrajectoryResponse.h, /home/pascal/dd2419_ws/devel/include/crazyflie_gazebo/StartTrajectoryResponse.h)
Linked: (/home/pascal/dd2419_ws/devel/.private/crazyflie_gazebo/include/crazyflie_gazebo/AddCrazyflie.h, /home/pascal/dd2419_ws/devel/include/crazyflie_gazebo/AddCrazyflie.h)
Linked: (/home/pascal/dd2419_ws/devel/.private/crazyflie_gazebo/include/crazyflie_gazebo/StopResponse.h, /home/pascal/dd2419_ws/devel/include/crazyflie_gazebo/StopResponse.h)
Linked: (/home/pascal/dd2419_ws/devel/.private/crazyflie_gazebo/include/crazyflie_gazebo/GoTo.h, /home/pascal/dd2419_ws/devel/include/crazyflie_gazebo/GoTo.h)
Linked: (/home/pascal/dd2419_ws/devel/.private/crazyflie_gazebo/include/crazyflie_gazebo/RemoveCrazyflieRequest.h, /home/pascal/dd2419_ws/devel/include/crazyflie_gazebo/RemoveCrazyflieRequest.h)
Linked: (/home/pascal/dd2419_ws/devel/.private/crazyflie_gazebo/include/crazyflie_gazebo/UploadTrajectoryResponse.h, /home/pascal/dd2419_ws/devel/include/crazyflie_gazebo/UploadTrajectoryResponse.h)
Linked: (/home/pascal/dd2419_ws/devel/.private/crazyflie_gazebo/include/crazyflie_gazebo/FullState.h, /home/pascal/dd2419_ws/devel/include/crazyflie_gazebo/FullState.h)
Linked: (/home/pascal/dd2419_ws/devel/.private/crazyflie_gazebo/include/crazyflie_gazebo/Hover.h, /home/pascal/dd2419_ws/devel/include/crazyflie_gazebo/Hover.h)
Linked: (/home/pascal/dd2419_ws/devel/.private/crazyflie_gazebo/include/crazyflie_gazebo/StopRequest.h, /home/pascal/dd2419_ws/devel/include/crazyflie_gazebo/StopRequest.h)
Linked: (/home/pascal/dd2419_ws/devel/.private/crazyflie_gazebo/include/crazyflie_gazebo/SetGroupMaskRequest.h, /home/pascal/dd2419_ws/devel/include/crazyflie_gazebo/SetGroupMaskRequest.h)
Linked: (/home/pascal/dd2419_ws/devel/.private/crazyflie_gazebo/include/crazyflie_gazebo/Position.h, /home/pascal/dd2419_ws/devel/include/crazyflie_gazebo/Position.h)
Linked: (/home/pascal/dd2419_ws/devel/.private/crazyflie_gazebo/include/crazyflie_gazebo/GenericLogData.h, /home/pascal/dd2419_ws/devel/include/crazyflie_gazebo/GenericLogData.h)
Linked: (/home/pascal/dd2419_ws/devel/.private/crazyflie_gazebo/include/crazyflie_gazebo/UpdateParams.h, /home/pascal/dd2419_ws/devel/include/crazyflie_gazebo/UpdateParams.h)
Linked: (/home/pascal/dd2419_ws/devel/.private/crazyflie_gazebo/include/crazyflie_gazebo/AddCrazyflieRequest.h, /home/pascal/dd2419_ws/devel/include/crazyflie_gazebo/AddCrazyflieRequest.h)
Linked: (/home/pascal/dd2419_ws/devel/.private/crazyflie_gazebo/include/crazyflie_gazebo/LandResponse.h, /home/pascal/dd2419_ws/devel/include/crazyflie_gazebo/LandResponse.h)
Linked: (/home/pascal/dd2419_ws/devel/.private/crazyflie_gazebo/include/crazyflie_gazebo/sendPacketRequest.h, /home/pascal/dd2419_ws/devel/include/crazyflie_gazebo/sendPacketRequest.h)
Linked: (/home/pascal/dd2419_ws/devel/.private/crazyflie_gazebo/include/crazyflie_gazebo/Land.h, /home/pascal/dd2419_ws/devel/include/crazyflie_gazebo/Land.h)
Linked: (/home/pascal/dd2419_ws/devel/.private/crazyflie_gazebo/include/crazyflie_gazebo/sendPacketResponse.h, /home/pascal/dd2419_ws/devel/include/crazyflie_gazebo/sendPacketResponse.h)
Linked: (/home/pascal/dd2419_ws/devel/.private/crazyflie_gazebo/include/crazyflie_gazebo/WindSpeed.h, /home/pascal/dd2419_ws/devel/include/crazyflie_gazebo/WindSpeed.h)
Linked: (/home/pascal/dd2419_ws/devel/.private/crazyflie_gazebo/include/crazyflie_gazebo/GoToResponse.h, /home/pascal/dd2419_ws/devel/include/crazyflie_gazebo/GoToResponse.h)
Linked: (/home/pascal/dd2419_ws/devel/.private/crazyflie_gazebo/include/crazyflie_gazebo/StartTrajectoryRequest.h, /home/pascal/dd2419_ws/devel/include/crazyflie_gazebo/StartTrajectoryRequest.h)
Linked: (/home/pascal/dd2419_ws/devel/.private/crazyflie_gazebo/include/crazyflie_gazebo/crtpPacket.h, /home/pascal/dd2419_ws/devel/include/crazyflie_gazebo/crtpPacket.h)
Linked: (/home/pascal/dd2419_ws/devel/.private/crazyflie_gazebo/include/crazyflie_gazebo/StartTrajectory.h, /home/pascal/dd2419_ws/devel/include/crazyflie_gazebo/StartTrajectory.h)
Linked: (/home/pascal/dd2419_ws/devel/.private/crazyflie_gazebo/include/crazyflie_gazebo/RemoveCrazyflieResponse.h, /home/pascal/dd2419_ws/devel/include/crazyflie_gazebo/RemoveCrazyflieResponse.h)
Linked: (/home/pascal/dd2419_ws/devel/.private/crazyflie_gazebo/include/crazyflie_gazebo/SetGroupMaskResponse.h, /home/pascal/dd2419_ws/devel/include/crazyflie_gazebo/SetGroupMaskResponse.h)
Linked: (/home/pascal/dd2419_ws/devel/.private/crazyflie_gazebo/include/crazyflie_gazebo/UploadTrajectoryRequest.h, /home/pascal/dd2419_ws/devel/include/crazyflie_gazebo/UploadTrajectoryRequest.h)
Linked: (/home/pascal/dd2419_ws/devel/.private/crazyflie_gazebo/include/crazyflie_gazebo/GoToRequest.h, /home/pascal/dd2419_ws/devel/include/crazyflie_gazebo/GoToRequest.h)
Linked: (/home/pascal/dd2419_ws/devel/.private/crazyflie_gazebo/include/crazyflie_gazebo/UploadTrajectory.h, /home/pascal/dd2419_ws/devel/include/crazyflie_gazebo/UploadTrajectory.h)
Linked: (/home/pascal/dd2419_ws/devel/.private/crazyflie_gazebo/include/crazyflie_gazebo/Takeoff.h, /home/pascal/dd2419_ws/devel/include/crazyflie_gazebo/Takeoff.h)
Linked: (/home/pascal/dd2419_ws/devel/.private/crazyflie_gazebo/include/crazyflie_gazebo/Stop.h, /home/pascal/dd2419_ws/devel/include/crazyflie_gazebo/Stop.h)
Linked: (/home/pascal/dd2419_ws/devel/.private/crazyflie_gazebo/include/crazyflie_gazebo/TrajectoryPolynomialPiece.h, /home/pascal/dd2419_ws/devel/include/crazyflie_gazebo/TrajectoryPolynomialPiece.h)
Linked: (/home/pascal/dd2419_ws/devel/.private/crazyflie_gazebo/include/crazyflie_gazebo/UpdateParamsResponse.h, /home/pascal/dd2419_ws/devel/include/crazyflie_gazebo/UpdateParamsResponse.h)
Linked: (/home/pascal/dd2419_ws/devel/.private/crazyflie_gazebo/include/crazyflie_gazebo/LogBlock.h, /home/pascal/dd2419_ws/devel/include/crazyflie_gazebo/LogBlock.h)
Linked: (/home/pascal/dd2419_ws/devel/.private/crazyflie_gazebo/share/crazyflie_gazebo/cmake/crazyflie_gazeboConfig-version.cmake, /home/pascal/dd2419_ws/devel/share/crazyflie_gazebo/cmake/crazyflie_gazeboConfig-version.cmake)
Linked: (/home/pascal/dd2419_ws/devel/.private/crazyflie_gazebo/share/crazyflie_gazebo/cmake/crazyflie_gazeboConfig.cmake, /home/pascal/dd2419_ws/devel/share/crazyflie_gazebo/cmake/crazyflie_gazeboConfig.cmake)
Linked: (/home/pascal/dd2419_ws/devel/.private/crazyflie_gazebo/share/crazyflie_gazebo/cmake/crazyflie_gazebo-msg-paths.cmake, /home/pascal/dd2419_ws/devel/share/crazyflie_gazebo/cmake/crazyflie_gazebo-msg-paths.cmake)
Linked: (/home/pascal/dd2419_ws/devel/.private/crazyflie_gazebo/share/crazyflie_gazebo/cmake/crazyflie_gazebo-msg-extras.cmake, /home/pascal/dd2419_ws/devel/share/crazyflie_gazebo/cmake/crazyflie_gazebo-msg-extras.cmake)
Linked: (/home/pascal/dd2419_ws/devel/.private/crazyflie_gazebo/share/gennodejs/ros/crazyflie_gazebo/_index.js, /home/pascal/dd2419_ws/devel/share/gennodejs/ros/crazyflie_gazebo/_index.js)
Linked: (/home/pascal/dd2419_ws/devel/.private/crazyflie_gazebo/share/gennodejs/ros/crazyflie_gazebo/msg/Position.js, /home/pascal/dd2419_ws/devel/share/gennodejs/ros/crazyflie_gazebo/msg/Position.js)
Linked: (/home/pascal/dd2419_ws/devel/.private/crazyflie_gazebo/share/gennodejs/ros/crazyflie_gazebo/msg/GenericLogData.js, /home/pascal/dd2419_ws/devel/share/gennodejs/ros/crazyflie_gazebo/msg/GenericLogData.js)
Linked: (/home/pascal/dd2419_ws/devel/.private/crazyflie_gazebo/share/gennodejs/ros/crazyflie_gazebo/msg/Hover.js, /home/pascal/dd2419_ws/devel/share/gennodejs/ros/crazyflie_gazebo/msg/Hover.js)
Linked: (/home/pascal/dd2419_ws/devel/.private/crazyflie_gazebo/share/gennodejs/ros/crazyflie_gazebo/msg/TrajectoryPolynomialPiece.js, /home/pascal/dd2419_ws/devel/share/gennodejs/ros/crazyflie_gazebo/msg/TrajectoryPolynomialPiece.js)
Linked: (/home/pascal/dd2419_ws/devel/.private/crazyflie_gazebo/share/gennodejs/ros/crazyflie_gazebo/msg/FullState.js, /home/pascal/dd2419_ws/devel/share/gennodejs/ros/crazyflie_gazebo/msg/FullState.js)
Linked: (/home/pascal/dd2419_ws/devel/.private/crazyflie_gazebo/share/gennodejs/ros/crazyflie_gazebo/msg/LogBlock.js, /home/pascal/dd2419_ws/devel/share/gennodejs/ros/crazyflie_gazebo/msg/LogBlock.js)
Linked: (/home/pascal/dd2419_ws/devel/.private/crazyflie_gazebo/share/gennodejs/ros/crazyflie_gazebo/msg/WindSpeed.js, /home/pascal/dd2419_ws/devel/share/gennodejs/ros/crazyflie_gazebo/msg/WindSpeed.js)
Linked: (/home/pascal/dd2419_ws/devel/.private/crazyflie_gazebo/share/gennodejs/ros/crazyflie_gazebo/msg/crtpPacket.js, /home/pascal/dd2419_ws/devel/share/gennodejs/ros/crazyflie_gazebo/msg/crtpPacket.js)
Linked: (/home/pascal/dd2419_ws/devel/.private/crazyflie_gazebo/share/gennodejs/ros/crazyflie_gazebo/msg/_index.js, /home/pascal/dd2419_ws/devel/share/gennodejs/ros/crazyflie_gazebo/msg/_index.js)
Linked: (/home/pascal/dd2419_ws/devel/.private/crazyflie_gazebo/share/gennodejs/ros/crazyflie_gazebo/srv/UploadTrajectory.js, /home/pascal/dd2419_ws/devel/share/gennodejs/ros/crazyflie_gazebo/srv/UploadTrajectory.js)
Linked: (/home/pascal/dd2419_ws/devel/.private/crazyflie_gazebo/share/gennodejs/ros/crazyflie_gazebo/srv/Takeoff.js, /home/pascal/dd2419_ws/devel/share/gennodejs/ros/crazyflie_gazebo/srv/Takeoff.js)
Linked: (/home/pascal/dd2419_ws/devel/.private/crazyflie_gazebo/share/gennodejs/ros/crazyflie_gazebo/srv/StartTrajectory.js, /home/pascal/dd2419_ws/devel/share/gennodejs/ros/crazyflie_gazebo/srv/StartTrajectory.js)
Linked: (/home/pascal/dd2419_ws/devel/.private/crazyflie_gazebo/share/gennodejs/ros/crazyflie_gazebo/srv/SetGroupMask.js, /home/pascal/dd2419_ws/devel/share/gennodejs/ros/crazyflie_gazebo/srv/SetGroupMask.js)
Linked: (/home/pascal/dd2419_ws/devel/.private/crazyflie_gazebo/share/gennodejs/ros/crazyflie_gazebo/srv/UpdateParams.js, /home/pascal/dd2419_ws/devel/share/gennodejs/ros/crazyflie_gazebo/srv/UpdateParams.js)
Linked: (/home/pascal/dd2419_ws/devel/.private/crazyflie_gazebo/share/gennodejs/ros/crazyflie_gazebo/srv/Stop.js, /home/pascal/dd2419_ws/devel/share/gennodejs/ros/crazyflie_gazebo/srv/Stop.js)
Linked: (/home/pascal/dd2419_ws/devel/.private/crazyflie_gazebo/share/gennodejs/ros/crazyflie_gazebo/srv/AddCrazyflie.js, /home/pascal/dd2419_ws/devel/share/gennodejs/ros/crazyflie_gazebo/srv/AddCrazyflie.js)
Linked: (/home/pascal/dd2419_ws/devel/.private/crazyflie_gazebo/share/gennodejs/ros/crazyflie_gazebo/srv/sendPacket.js, /home/pascal/dd2419_ws/devel/share/gennodejs/ros/crazyflie_gazebo/srv/sendPacket.js)
Linked: (/home/pascal/dd2419_ws/devel/.private/crazyflie_gazebo/share/gennodejs/ros/crazyflie_gazebo/srv/RemoveCrazyflie.js, /home/pascal/dd2419_ws/devel/share/gennodejs/ros/crazyflie_gazebo/srv/RemoveCrazyflie.js)
Linked: (/home/pascal/dd2419_ws/devel/.private/crazyflie_gazebo/share/gennodejs/ros/crazyflie_gazebo/srv/Land.js, /home/pascal/dd2419_ws/devel/share/gennodejs/ros/crazyflie_gazebo/srv/Land.js)
Linked: (/home/pascal/dd2419_ws/devel/.private/crazyflie_gazebo/share/gennodejs/ros/crazyflie_gazebo/srv/GoTo.js, /home/pascal/dd2419_ws/devel/share/gennodejs/ros/crazyflie_gazebo/srv/GoTo.js)
Linked: (/home/pascal/dd2419_ws/devel/.private/crazyflie_gazebo/share/gennodejs/ros/crazyflie_gazebo/srv/_index.js, /home/pascal/dd2419_ws/devel/share/gennodejs/ros/crazyflie_gazebo/srv/_index.js)
Linked: (/home/pascal/dd2419_ws/devel/.private/crazyflie_gazebo/share/crazyflie_comm/cmake/crazyflie_commConfig.cmake, /home/pascal/dd2419_ws/devel/share/crazyflie_comm/cmake/crazyflie_commConfig.cmake)
Linked: (/home/pascal/dd2419_ws/devel/.private/crazyflie_gazebo/share/crazyflie_comm/cmake/crazyflie_commConfig-version.cmake, /home/pascal/dd2419_ws/devel/share/crazyflie_comm/cmake/crazyflie_commConfig-version.cmake)
Linked: (/home/pascal/dd2419_ws/devel/.private/crazyflie_gazebo/share/roseus/ros/crazyflie_gazebo/manifest.l, /home/pascal/dd2419_ws/devel/share/roseus/ros/crazyflie_gazebo/manifest.l)
Linked: (/home/pascal/dd2419_ws/devel/.private/crazyflie_gazebo/share/roseus/ros/crazyflie_gazebo/msg/Hover.l, /home/pascal/dd2419_ws/devel/share/roseus/ros/crazyflie_gazebo/msg/Hover.l)
Linked: (/home/pascal/dd2419_ws/devel/.private/crazyflie_gazebo/share/roseus/ros/crazyflie_gazebo/msg/FullState.l, /home/pascal/dd2419_ws/devel/share/roseus/ros/crazyflie_gazebo/msg/FullState.l)
Linked: (/home/pascal/dd2419_ws/devel/.private/crazyflie_gazebo/share/roseus/ros/crazyflie_gazebo/msg/TrajectoryPolynomialPiece.l, /home/pascal/dd2419_ws/devel/share/roseus/ros/crazyflie_gazebo/msg/TrajectoryPolynomialPiece.l)
Linked: (/home/pascal/dd2419_ws/devel/.private/crazyflie_gazebo/share/roseus/ros/crazyflie_gazebo/msg/LogBlock.l, /home/pascal/dd2419_ws/devel/share/roseus/ros/crazyflie_gazebo/msg/LogBlock.l)
Linked: (/home/pascal/dd2419_ws/devel/.private/crazyflie_gazebo/share/roseus/ros/crazyflie_gazebo/msg/Position.l, /home/pascal/dd2419_ws/devel/share/roseus/ros/crazyflie_gazebo/msg/Position.l)
Linked: (/home/pascal/dd2419_ws/devel/.private/crazyflie_gazebo/share/roseus/ros/crazyflie_gazebo/msg/GenericLogData.l, /home/pascal/dd2419_ws/devel/share/roseus/ros/crazyflie_gazebo/msg/GenericLogData.l)
Linked: (/home/pascal/dd2419_ws/devel/.private/crazyflie_gazebo/share/roseus/ros/crazyflie_gazebo/msg/WindSpeed.l, /home/pascal/dd2419_ws/devel/share/roseus/ros/crazyflie_gazebo/msg/WindSpeed.l)
Linked: (/home/pascal/dd2419_ws/devel/.private/crazyflie_gazebo/share/roseus/ros/crazyflie_gazebo/msg/crtpPacket.l, /home/pascal/dd2419_ws/devel/share/roseus/ros/crazyflie_gazebo/msg/crtpPacket.l)
Linked: (/home/pascal/dd2419_ws/devel/.private/crazyflie_gazebo/share/roseus/ros/crazyflie_gazebo/srv/UpdateParams.l, /home/pascal/dd2419_ws/devel/share/roseus/ros/crazyflie_gazebo/srv/UpdateParams.l)
Linked: (/home/pascal/dd2419_ws/devel/.private/crazyflie_gazebo/share/roseus/ros/crazyflie_gazebo/srv/AddCrazyflie.l, /home/pascal/dd2419_ws/devel/share/roseus/ros/crazyflie_gazebo/srv/AddCrazyflie.l)
Linked: (/home/pascal/dd2419_ws/devel/.private/crazyflie_gazebo/share/roseus/ros/crazyflie_gazebo/srv/GoTo.l, /home/pascal/dd2419_ws/devel/share/roseus/ros/crazyflie_gazebo/srv/GoTo.l)
Linked: (/home/pascal/dd2419_ws/devel/.private/crazyflie_gazebo/share/roseus/ros/crazyflie_gazebo/srv/Land.l, /home/pascal/dd2419_ws/devel/share/roseus/ros/crazyflie_gazebo/srv/Land.l)
Linked: (/home/pascal/dd2419_ws/devel/.private/crazyflie_gazebo/share/roseus/ros/crazyflie_gazebo/srv/Stop.l, /home/pascal/dd2419_ws/devel/share/roseus/ros/crazyflie_gazebo/srv/Stop.l)
Linked: (/home/pascal/dd2419_ws/devel/.private/crazyflie_gazebo/share/roseus/ros/crazyflie_gazebo/srv/RemoveCrazyflie.l, /home/pascal/dd2419_ws/devel/share/roseus/ros/crazyflie_gazebo/srv/RemoveCrazyflie.l)
Linked: (/home/pascal/dd2419_ws/devel/.private/crazyflie_gazebo/share/roseus/ros/crazyflie_gazebo/srv/Takeoff.l, /home/pascal/dd2419_ws/devel/share/roseus/ros/crazyflie_gazebo/srv/Takeoff.l)
Linked: (/home/pascal/dd2419_ws/devel/.private/crazyflie_gazebo/share/roseus/ros/crazyflie_gazebo/srv/sendPacket.l, /home/pascal/dd2419_ws/devel/share/roseus/ros/crazyflie_gazebo/srv/sendPacket.l)
Linked: (/home/pascal/dd2419_ws/devel/.private/crazyflie_gazebo/share/roseus/ros/crazyflie_gazebo/srv/UploadTrajectory.l, /home/pascal/dd2419_ws/devel/share/roseus/ros/crazyflie_gazebo/srv/UploadTrajectory.l)
Linked: (/home/pascal/dd2419_ws/devel/.private/crazyflie_gazebo/share/roseus/ros/crazyflie_gazebo/srv/SetGroupMask.l, /home/pascal/dd2419_ws/devel/share/roseus/ros/crazyflie_gazebo/srv/SetGroupMask.l)
Linked: (/home/pascal/dd2419_ws/devel/.private/crazyflie_gazebo/share/roseus/ros/crazyflie_gazebo/srv/StartTrajectory.l, /home/pascal/dd2419_ws/devel/share/roseus/ros/crazyflie_gazebo/srv/StartTrajectory.l)
Linked: (/home/pascal/dd2419_ws/devel/.private/crazyflie_gazebo/share/common-lisp/ros/crazyflie_gazebo/msg/_package_WindSpeed.lisp, /home/pascal/dd2419_ws/devel/share/common-lisp/ros/crazyflie_gazebo/msg/_package_WindSpeed.lisp)
Linked: (/home/pascal/dd2419_ws/devel/.private/crazyflie_gazebo/share/common-lisp/ros/crazyflie_gazebo/msg/_package.lisp, /home/pascal/dd2419_ws/devel/share/common-lisp/ros/crazyflie_gazebo/msg/_package.lisp)
Linked: (/home/pascal/dd2419_ws/devel/.private/crazyflie_gazebo/share/common-lisp/ros/crazyflie_gazebo/msg/Position.lisp, /home/pascal/dd2419_ws/devel/share/common-lisp/ros/crazyflie_gazebo/msg/Position.lisp)
Linked: (/home/pascal/dd2419_ws/devel/.private/crazyflie_gazebo/share/common-lisp/ros/crazyflie_gazebo/msg/_package_GenericLogData.lisp, /home/pascal/dd2419_ws/devel/share/common-lisp/ros/crazyflie_gazebo/msg/_package_GenericLogData.lisp)
Linked: (/home/pascal/dd2419_ws/devel/.private/crazyflie_gazebo/share/common-lisp/ros/crazyflie_gazebo/msg/_package_Hover.lisp, /home/pascal/dd2419_ws/devel/share/common-lisp/ros/crazyflie_gazebo/msg/_package_Hover.lisp)
Linked: (/home/pascal/dd2419_ws/devel/.private/crazyflie_gazebo/share/common-lisp/ros/crazyflie_gazebo/msg/WindSpeed.lisp, /home/pascal/dd2419_ws/devel/share/common-lisp/ros/crazyflie_gazebo/msg/WindSpeed.lisp)
Linked: (/home/pascal/dd2419_ws/devel/.private/crazyflie_gazebo/share/common-lisp/ros/crazyflie_gazebo/msg/TrajectoryPolynomialPiece.lisp, /home/pascal/dd2419_ws/devel/share/common-lisp/ros/crazyflie_gazebo/msg/TrajectoryPolynomialPiece.lisp)
Linked: (/home/pascal/dd2419_ws/devel/.private/crazyflie_gazebo/share/common-lisp/ros/crazyflie_gazebo/msg/_package_TrajectoryPolynomialPiece.lisp, /home/pascal/dd2419_ws/devel/share/common-lisp/ros/crazyflie_gazebo/msg/_package_TrajectoryPolynomialPiece.lisp)
Linked: (/home/pascal/dd2419_ws/devel/.private/crazyflie_gazebo/share/common-lisp/ros/crazyflie_gazebo/msg/crtpPacket.lisp, /home/pascal/dd2419_ws/devel/share/common-lisp/ros/crazyflie_gazebo/msg/crtpPacket.lisp)
Linked: (/home/pascal/dd2419_ws/devel/.private/crazyflie_gazebo/share/common-lisp/ros/crazyflie_gazebo/msg/_package_FullState.lisp, /home/pascal/dd2419_ws/devel/share/common-lisp/ros/crazyflie_gazebo/msg/_package_FullState.lisp)
Linked: (/home/pascal/dd2419_ws/devel/.private/crazyflie_gazebo/share/common-lisp/ros/crazyflie_gazebo/msg/_package_crtpPacket.lisp, /home/pascal/dd2419_ws/devel/share/common-lisp/ros/crazyflie_gazebo/msg/_package_crtpPacket.lisp)
Linked: (/home/pascal/dd2419_ws/devel/.private/crazyflie_gazebo/share/common-lisp/ros/crazyflie_gazebo/msg/_package_Position.lisp, /home/pascal/dd2419_ws/devel/share/common-lisp/ros/crazyflie_gazebo/msg/_package_Position.lisp)
Linked: (/home/pascal/dd2419_ws/devel/.private/crazyflie_gazebo/share/common-lisp/ros/crazyflie_gazebo/msg/crazyflie_gazebo-msg.asd, /home/pascal/dd2419_ws/devel/share/common-lisp/ros/crazyflie_gazebo/msg/crazyflie_gazebo-msg.asd)
Linked: (/home/pascal/dd2419_ws/devel/.private/crazyflie_gazebo/share/common-lisp/ros/crazyflie_gazebo/msg/FullState.lisp, /home/pascal/dd2419_ws/devel/share/common-lisp/ros/crazyflie_gazebo/msg/FullState.lisp)
Linked: (/home/pascal/dd2419_ws/devel/.private/crazyflie_gazebo/share/common-lisp/ros/crazyflie_gazebo/msg/Hover.lisp, /home/pascal/dd2419_ws/devel/share/common-lisp/ros/crazyflie_gazebo/msg/Hover.lisp)
Linked: (/home/pascal/dd2419_ws/devel/.private/crazyflie_gazebo/share/common-lisp/ros/crazyflie_gazebo/msg/GenericLogData.lisp, /home/pascal/dd2419_ws/devel/share/common-lisp/ros/crazyflie_gazebo/msg/GenericLogData.lisp)
Linked: (/home/pascal/dd2419_ws/devel/.private/crazyflie_gazebo/share/common-lisp/ros/crazyflie_gazebo/msg/_package_LogBlock.lisp, /home/pascal/dd2419_ws/devel/share/common-lisp/ros/crazyflie_gazebo/msg/_package_LogBlock.lisp)
Linked: (/home/pascal/dd2419_ws/devel/.private/crazyflie_gazebo/share/common-lisp/ros/crazyflie_gazebo/msg/LogBlock.lisp, /home/pascal/dd2419_ws/devel/share/common-lisp/ros/crazyflie_gazebo/msg/LogBlock.lisp)
Linked: (/home/pascal/dd2419_ws/devel/.private/crazyflie_gazebo/share/common-lisp/ros/crazyflie_gazebo/srv/sendPacket.lisp, /home/pascal/dd2419_ws/devel/share/common-lisp/ros/crazyflie_gazebo/srv/sendPacket.lisp)
Linked: (/home/pascal/dd2419_ws/devel/.private/crazyflie_gazebo/share/common-lisp/ros/crazyflie_gazebo/srv/UploadTrajectory.lisp, /home/pascal/dd2419_ws/devel/share/common-lisp/ros/crazyflie_gazebo/srv/UploadTrajectory.lisp)
Linked: (/home/pascal/dd2419_ws/devel/.private/crazyflie_gazebo/share/common-lisp/ros/crazyflie_gazebo/srv/Land.lisp, /home/pascal/dd2419_ws/devel/share/common-lisp/ros/crazyflie_gazebo/srv/Land.lisp)
Linked: (/home/pascal/dd2419_ws/devel/.private/crazyflie_gazebo/share/common-lisp/ros/crazyflie_gazebo/srv/_package_AddCrazyflie.lisp, /home/pascal/dd2419_ws/devel/share/common-lisp/ros/crazyflie_gazebo/srv/_package_AddCrazyflie.lisp)
Linked: (/home/pascal/dd2419_ws/devel/.private/crazyflie_gazebo/share/common-lisp/ros/crazyflie_gazebo/srv/RemoveCrazyflie.lisp, /home/pascal/dd2419_ws/devel/share/common-lisp/ros/crazyflie_gazebo/srv/RemoveCrazyflie.lisp)
Linked: (/home/pascal/dd2419_ws/devel/.private/crazyflie_gazebo/share/common-lisp/ros/crazyflie_gazebo/srv/AddCrazyflie.lisp, /home/pascal/dd2419_ws/devel/share/common-lisp/ros/crazyflie_gazebo/srv/AddCrazyflie.lisp)
Linked: (/home/pascal/dd2419_ws/devel/.private/crazyflie_gazebo/share/common-lisp/ros/crazyflie_gazebo/srv/Stop.lisp, /home/pascal/dd2419_ws/devel/share/common-lisp/ros/crazyflie_gazebo/srv/Stop.lisp)
Linked: (/home/pascal/dd2419_ws/devel/.private/crazyflie_gazebo/share/common-lisp/ros/crazyflie_gazebo/srv/UpdateParams.lisp, /home/pascal/dd2419_ws/devel/share/common-lisp/ros/crazyflie_gazebo/srv/UpdateParams.lisp)
Linked: (/home/pascal/dd2419_ws/devel/.private/crazyflie_gazebo/share/common-lisp/ros/crazyflie_gazebo/srv/_package_SetGroupMask.lisp, /home/pascal/dd2419_ws/devel/share/common-lisp/ros/crazyflie_gazebo/srv/_package_SetGroupMask.lisp)
Linked: (/home/pascal/dd2419_ws/devel/.private/crazyflie_gazebo/share/common-lisp/ros/crazyflie_gazebo/srv/_package.lisp, /home/pascal/dd2419_ws/devel/share/common-lisp/ros/crazyflie_gazebo/srv/_package.lisp)
Linked: (/home/pascal/dd2419_ws/devel/.private/crazyflie_gazebo/share/common-lisp/ros/crazyflie_gazebo/srv/_package_UpdateParams.lisp, /home/pascal/dd2419_ws/devel/share/common-lisp/ros/crazyflie_gazebo/srv/_package_UpdateParams.lisp)
Linked: (/home/pascal/dd2419_ws/devel/.private/crazyflie_gazebo/share/common-lisp/ros/crazyflie_gazebo/srv/SetGroupMask.lisp, /home/pascal/dd2419_ws/devel/share/common-lisp/ros/crazyflie_gazebo/srv/SetGroupMask.lisp)
Linked: (/home/pascal/dd2419_ws/devel/.private/crazyflie_gazebo/share/common-lisp/ros/crazyflie_gazebo/srv/_package_Takeoff.lisp, /home/pascal/dd2419_ws/devel/share/common-lisp/ros/crazyflie_gazebo/srv/_package_Takeoff.lisp)
Linked: (/home/pascal/dd2419_ws/devel/.private/crazyflie_gazebo/share/common-lisp/ros/crazyflie_gazebo/srv/_package_Land.lisp, /home/pascal/dd2419_ws/devel/share/common-lisp/ros/crazyflie_gazebo/srv/_package_Land.lisp)
Linked: (/home/pascal/dd2419_ws/devel/.private/crazyflie_gazebo/share/common-lisp/ros/crazyflie_gazebo/srv/GoTo.lisp, /home/pascal/dd2419_ws/devel/share/common-lisp/ros/crazyflie_gazebo/srv/GoTo.lisp)
Linked: (/home/pascal/dd2419_ws/devel/.private/crazyflie_gazebo/share/common-lisp/ros/crazyflie_gazebo/srv/_package_UploadTrajectory.lisp, /home/pascal/dd2419_ws/devel/share/common-lisp/ros/crazyflie_gazebo/srv/_package_UploadTrajectory.lisp)
Linked: (/home/pascal/dd2419_ws/devel/.private/crazyflie_gazebo/share/common-lisp/ros/crazyflie_gazebo/srv/crazyflie_gazebo-srv.asd, /home/pascal/dd2419_ws/devel/share/common-lisp/ros/crazyflie_gazebo/srv/crazyflie_gazebo-srv.asd)
Linked: (/home/pascal/dd2419_ws/devel/.private/crazyflie_gazebo/share/common-lisp/ros/crazyflie_gazebo/srv/_package_RemoveCrazyflie.lisp, /home/pascal/dd2419_ws/devel/share/common-lisp/ros/crazyflie_gazebo/srv/_package_RemoveCrazyflie.lisp)
Linked: (/home/pascal/dd2419_ws/devel/.private/crazyflie_gazebo/share/common-lisp/ros/crazyflie_gazebo/srv/_package_sendPacket.lisp, /home/pascal/dd2419_ws/devel/share/common-lisp/ros/crazyflie_gazebo/srv/_package_sendPacket.lisp)
Linked: (/home/pascal/dd2419_ws/devel/.private/crazyflie_gazebo/share/common-lisp/ros/crazyflie_gazebo/srv/_package_GoTo.lisp, /home/pascal/dd2419_ws/devel/share/common-lisp/ros/crazyflie_gazebo/srv/_package_GoTo.lisp)
Linked: (/home/pascal/dd2419_ws/devel/.private/crazyflie_gazebo/share/common-lisp/ros/crazyflie_gazebo/srv/_package_Stop.lisp, /home/pascal/dd2419_ws/devel/share/common-lisp/ros/crazyflie_gazebo/srv/_package_Stop.lisp)
Linked: (/home/pascal/dd2419_ws/devel/.private/crazyflie_gazebo/share/common-lisp/ros/crazyflie_gazebo/srv/_package_StartTrajectory.lisp, /home/pascal/dd2419_ws/devel/share/common-lisp/ros/crazyflie_gazebo/srv/_package_StartTrajectory.lisp)
Linked: (/home/pascal/dd2419_ws/devel/.private/crazyflie_gazebo/share/common-lisp/ros/crazyflie_gazebo/srv/Takeoff.lisp, /home/pascal/dd2419_ws/devel/share/common-lisp/ros/crazyflie_gazebo/srv/Takeoff.lisp)
Linked: (/home/pascal/dd2419_ws/devel/.private/crazyflie_gazebo/share/common-lisp/ros/crazyflie_gazebo/srv/StartTrajectory.lisp, /home/pascal/dd2419_ws/devel/share/common-lisp/ros/crazyflie_gazebo/srv/StartTrajectory.lisp)
Linked: (/home/pascal/dd2419_ws/devel/.private/crazyflie_gazebo/lib/librotors_gazebo_lps_plugin.so, /home/pascal/dd2419_ws/devel/lib/librotors_gazebo_lps_plugin.so)
Linked: (/home/pascal/dd2419_ws/devel/.private/crazyflie_gazebo/lib/librotors_gazebo_controller_interface.so, /home/pascal/dd2419_ws/devel/lib/librotors_gazebo_controller_interface.so)
Linked: (/home/pascal/dd2419_ws/devel/.private/crazyflie_gazebo/lib/librotors_gazebo_wind_plugin.so, /home/pascal/dd2419_ws/devel/lib/librotors_gazebo_wind_plugin.so)
Linked: (/home/pascal/dd2419_ws/devel/.private/crazyflie_gazebo/lib/librotors_gazebo_ros_interface_plugin.so, /home/pascal/dd2419_ws/devel/lib/librotors_gazebo_ros_interface_plugin.so)
Linked: (/home/pascal/dd2419_ws/devel/.private/crazyflie_gazebo/lib/libmav_msgs.so, /home/pascal/dd2419_ws/devel/lib/libmav_msgs.so)
Linked: (/home/pascal/dd2419_ws/devel/.private/crazyflie_gazebo/lib/libcrazyflie_comm.so, /home/pascal/dd2419_ws/devel/lib/libcrazyflie_comm.so)
Linked: (/home/pascal/dd2419_ws/devel/.private/crazyflie_gazebo/lib/libgazebo_cfGhost_plugin.so, /home/pascal/dd2419_ws/devel/lib/libgazebo_cfGhost_plugin.so)
Linked: (/home/pascal/dd2419_ws/devel/.private/crazyflie_gazebo/lib/librotors_gazebo_motor_model.so, /home/pascal/dd2419_ws/devel/lib/librotors_gazebo_motor_model.so)
Linked: (/home/pascal/dd2419_ws/devel/.private/crazyflie_gazebo/lib/libgazebo_gps_plugin.so, /home/pascal/dd2419_ws/devel/lib/libgazebo_gps_plugin.so)
Linked: (/home/pascal/dd2419_ws/devel/.private/crazyflie_gazebo/lib/libgazebo_sonar_plugin.so, /home/pascal/dd2419_ws/devel/lib/libgazebo_sonar_plugin.so)
Linked: (/home/pascal/dd2419_ws/devel/.private/crazyflie_gazebo/lib/libLiftDragPlugin.so, /home/pascal/dd2419_ws/devel/lib/libLiftDragPlugin.so)
Linked: (/home/pascal/dd2419_ws/devel/.private/crazyflie_gazebo/lib/librotors_gazebo_pressure_plugin.so, /home/pascal/dd2419_ws/devel/lib/librotors_gazebo_pressure_plugin.so)
Linked: (/home/pascal/dd2419_ws/devel/.private/crazyflie_gazebo/lib/librotors_gazebo_multirotor_base_plugin.so, /home/pascal/dd2419_ws/devel/lib/librotors_gazebo_multirotor_base_plugin.so)
Linked: (/home/pascal/dd2419_ws/devel/.private/crazyflie_gazebo/lib/librotors_gazebo_magnetometer_plugin.so, /home/pascal/dd2419_ws/devel/lib/librotors_gazebo_magnetometer_plugin.so)
Linked: (/home/pascal/dd2419_ws/devel/.private/crazyflie_gazebo/lib/librotors_gazebo_odometry_plugin.so, /home/pascal/dd2419_ws/devel/lib/librotors_gazebo_odometry_plugin.so)
Linked: (/home/pascal/dd2419_ws/devel/.private/crazyflie_gazebo/lib/libgazebo_cfHandler_plugin.so, /home/pascal/dd2419_ws/devel/lib/libgazebo_cfHandler_plugin.so)
Linked: (/home/pascal/dd2419_ws/devel/.private/crazyflie_gazebo/lib/librotors_gazebo_imu_plugin.so, /home/pascal/dd2419_ws/devel/lib/librotors_gazebo_imu_plugin.so)
Linked: (/home/pascal/dd2419_ws/devel/.private/crazyflie_gazebo/lib/libcrazyflie_ros.so, /home/pascal/dd2419_ws/devel/lib/libcrazyflie_ros.so)
Linked: (/home/pascal/dd2419_ws/devel/.private/crazyflie_gazebo/lib/crazyflie_gazebo/joy_control_node, /home/pascal/dd2419_ws/devel/lib/crazyflie_gazebo/joy_control_node)
Linked: (/home/pascal/dd2419_ws/devel/.private/crazyflie_gazebo/lib/crazyflie_gazebo/crazyflie_server, /home/pascal/dd2419_ws/devel/lib/crazyflie_gazebo/crazyflie_server)
Linked: (/home/pascal/dd2419_ws/devel/.private/crazyflie_gazebo/lib/crazyflie_gazebo/test_cf, /home/pascal/dd2419_ws/devel/lib/crazyflie_gazebo/test_cf)
Linked: (/home/pascal/dd2419_ws/devel/.private/crazyflie_gazebo/lib/crazyflie_gazebo/crazyflie_add, /home/pascal/dd2419_ws/devel/lib/crazyflie_gazebo/crazyflie_add)
Linked: (/home/pascal/dd2419_ws/devel/.private/crazyflie_gazebo/lib/pkgconfig/crazyflie_gazebo.pc, /home/pascal/dd2419_ws/devel/lib/pkgconfig/crazyflie_gazebo.pc)
Linked: (/home/pascal/dd2419_ws/devel/.private/crazyflie_gazebo/lib/pkgconfig/crazyflie_comm.pc, /home/pascal/dd2419_ws/devel/lib/pkgconfig/crazyflie_comm.pc)
Linked: (/home/pascal/dd2419_ws/devel/.private/crazyflie_gazebo/lib/python2.7/dist-packages/crazyflie_gazebo/__init__.py, /home/pascal/dd2419_ws/devel/lib/python2.7/dist-packages/crazyflie_gazebo/__init__.py)
Linked: (/home/pascal/dd2419_ws/devel/.private/crazyflie_gazebo/lib/python2.7/dist-packages/crazyflie_gazebo/msg/_Position.py, /home/pascal/dd2419_ws/devel/lib/python2.7/dist-packages/crazyflie_gazebo/msg/_Position.py)
Linked: (/home/pascal/dd2419_ws/devel/.private/crazyflie_gazebo/lib/python2.7/dist-packages/crazyflie_gazebo/msg/_Hover.py, /home/pascal/dd2419_ws/devel/lib/python2.7/dist-packages/crazyflie_gazebo/msg/_Hover.py)
Linked: (/home/pascal/dd2419_ws/devel/.private/crazyflie_gazebo/lib/python2.7/dist-packages/crazyflie_gazebo/msg/__init__.py, /home/pascal/dd2419_ws/devel/lib/python2.7/dist-packages/crazyflie_gazebo/msg/__init__.py)
Linked: (/home/pascal/dd2419_ws/devel/.private/crazyflie_gazebo/lib/python2.7/dist-packages/crazyflie_gazebo/msg/_GenericLogData.py, /home/pascal/dd2419_ws/devel/lib/python2.7/dist-packages/crazyflie_gazebo/msg/_GenericLogData.py)
Linked: (/home/pascal/dd2419_ws/devel/.private/crazyflie_gazebo/lib/python2.7/dist-packages/crazyflie_gazebo/msg/_FullState.py, /home/pascal/dd2419_ws/devel/lib/python2.7/dist-packages/crazyflie_gazebo/msg/_FullState.py)
Linked: (/home/pascal/dd2419_ws/devel/.private/crazyflie_gazebo/lib/python2.7/dist-packages/crazyflie_gazebo/msg/_WindSpeed.py, /home/pascal/dd2419_ws/devel/lib/python2.7/dist-packages/crazyflie_gazebo/msg/_WindSpeed.py)
Linked: (/home/pascal/dd2419_ws/devel/.private/crazyflie_gazebo/lib/python2.7/dist-packages/crazyflie_gazebo/msg/_crtpPacket.py, /home/pascal/dd2419_ws/devel/lib/python2.7/dist-packages/crazyflie_gazebo/msg/_crtpPacket.py)
Linked: (/home/pascal/dd2419_ws/devel/.private/crazyflie_gazebo/lib/python2.7/dist-packages/crazyflie_gazebo/msg/_TrajectoryPolynomialPiece.py, /home/pascal/dd2419_ws/devel/lib/python2.7/dist-packages/crazyflie_gazebo/msg/_TrajectoryPolynomialPiece.py)
Linked: (/home/pascal/dd2419_ws/devel/.private/crazyflie_gazebo/lib/python2.7/dist-packages/crazyflie_gazebo/msg/_LogBlock.py, /home/pascal/dd2419_ws/devel/lib/python2.7/dist-packages/crazyflie_gazebo/msg/_LogBlock.py)
Linked: (/home/pascal/dd2419_ws/devel/.private/crazyflie_gazebo/lib/python2.7/dist-packages/crazyflie_gazebo/srv/__init__.py, /home/pascal/dd2419_ws/devel/lib/python2.7/dist-packages/crazyflie_gazebo/srv/__init__.py)
Linked: (/home/pascal/dd2419_ws/devel/.private/crazyflie_gazebo/lib/python2.7/dist-packages/crazyflie_gazebo/srv/_UpdateParams.py, /home/pascal/dd2419_ws/devel/lib/python2.7/dist-packages/crazyflie_gazebo/srv/_UpdateParams.py)
Linked: (/home/pascal/dd2419_ws/devel/.private/crazyflie_gazebo/lib/python2.7/dist-packages/crazyflie_gazebo/srv/_Stop.py, /home/pascal/dd2419_ws/devel/lib/python2.7/dist-packages/crazyflie_gazebo/srv/_Stop.py)
Linked: (/home/pascal/dd2419_ws/devel/.private/crazyflie_gazebo/lib/python2.7/dist-packages/crazyflie_gazebo/srv/_RemoveCrazyflie.py, /home/pascal/dd2419_ws/devel/lib/python2.7/dist-packages/crazyflie_gazebo/srv/_RemoveCrazyflie.py)
Linked: (/home/pascal/dd2419_ws/devel/.private/crazyflie_gazebo/lib/python2.7/dist-packages/crazyflie_gazebo/srv/_GoTo.py, /home/pascal/dd2419_ws/devel/lib/python2.7/dist-packages/crazyflie_gazebo/srv/_GoTo.py)
Linked: (/home/pascal/dd2419_ws/devel/.private/crazyflie_gazebo/lib/python2.7/dist-packages/crazyflie_gazebo/srv/_AddCrazyflie.py, /home/pascal/dd2419_ws/devel/lib/python2.7/dist-packages/crazyflie_gazebo/srv/_AddCrazyflie.py)
Linked: (/home/pascal/dd2419_ws/devel/.private/crazyflie_gazebo/lib/python2.7/dist-packages/crazyflie_gazebo/srv/_Land.py, /home/pascal/dd2419_ws/devel/lib/python2.7/dist-packages/crazyflie_gazebo/srv/_Land.py)
Linked: (/home/pascal/dd2419_ws/devel/.private/crazyflie_gazebo/lib/python2.7/dist-packages/crazyflie_gazebo/srv/_SetGroupMask.py, /home/pascal/dd2419_ws/devel/lib/python2.7/dist-packages/crazyflie_gazebo/srv/_SetGroupMask.py)
Linked: (/home/pascal/dd2419_ws/devel/.private/crazyflie_gazebo/lib/python2.7/dist-packages/crazyflie_gazebo/srv/_StartTrajectory.py, /home/pascal/dd2419_ws/devel/lib/python2.7/dist-packages/crazyflie_gazebo/srv/_StartTrajectory.py)
Linked: (/home/pascal/dd2419_ws/devel/.private/crazyflie_gazebo/lib/python2.7/dist-packages/crazyflie_gazebo/srv/_UploadTrajectory.py, /home/pascal/dd2419_ws/devel/lib/python2.7/dist-packages/crazyflie_gazebo/srv/_UploadTrajectory.py)
Linked: (/home/pascal/dd2419_ws/devel/.private/crazyflie_gazebo/lib/python2.7/dist-packages/crazyflie_gazebo/srv/_sendPacket.py, /home/pascal/dd2419_ws/devel/lib/python2.7/dist-packages/crazyflie_gazebo/srv/_sendPacket.py)
Linked: (/home/pascal/dd2419_ws/devel/.private/crazyflie_gazebo/lib/python2.7/dist-packages/crazyflie_gazebo/srv/_Takeoff.py, /home/pascal/dd2419_ws/devel/lib/python2.7/dist-packages/crazyflie_gazebo/srv/_Takeoff.py)
