[  0%] Built target _crazyflie_gazebo_generate_messages_check_deps_sendPacket
[  0%] Built target _crazyflie_gazebo_generate_messages_check_deps_Stop
[  0%] Built target _crazyflie_gazebo_generate_messages_check_deps_GoTo
[  0%] Built target _crazyflie_gazebo_generate_messages_check_deps_LogBlock
[  0%] Built target _crazyflie_gazebo_generate_messages_check_deps_StartTrajectory
[  0%] Built target _crazyflie_gazebo_generate_messages_check_deps_UpdateParams
[  0%] Built target _crazyflie_gazebo_generate_messages_check_deps_Hover
[  0%] Built target std_msgs_generate_messages_cpp
[  0%] Built target _crazyflie_gazebo_generate_messages_check_deps_WindSpeed
[  0%] Built target geometry_msgs_generate_messages_cpp
[  0%] Built target _crazyflie_gazebo_generate_messages_check_deps_TrajectoryPolynomialPiece
[  0%] Built target _crazyflie_gazebo_generate_messages_check_deps_FullState
[  0%] Built target _crazyflie_gazebo_generate_messages_check_deps_Land
[  0%] Built target _crazyflie_gazebo_generate_messages_check_deps_SetGroupMask
[  0%] Built target _crazyflie_gazebo_generate_messages_check_deps_crtpPacket
[  0%] Built target _crazyflie_gazebo_generate_messages_check_deps_RemoveCrazyflie
[  0%] Built target _crazyflie_gazebo_generate_messages_check_deps_UploadTrajectory
[  0%] Built target _crazyflie_gazebo_generate_messages_check_deps_Takeoff
[  0%] Built target _crazyflie_gazebo_generate_messages_check_deps_GenericLogData
[  0%] Built target _crazyflie_gazebo_generate_messages_check_deps_AddCrazyflie
[  0%] Built target _crazyflie_gazebo_generate_messages_check_deps_Position
[ 31%] Built target mav_msgs
[ 31%] Built target _catkin_empty_exported_target
[ 33%] Built target crazyflie_comm
[ 33%] Built target rosgraph_msgs_generate_messages_eus
[ 33%] Built target rosgraph_msgs_generate_messages_cpp
[ 33%] Built target roscpp_generate_messages_cpp
[ 33%] Built target geometry_msgs_generate_messages_eus
[ 33%] Built target std_srvs_generate_messages_cpp
[ 33%] Built target sensor_msgs_generate_messages_nodejs
[ 33%] Built target actionlib_generate_messages_cpp
[ 33%] Built target trajectory_msgs_generate_messages_cpp
[ 33%] Built target mav_msgs_generate_messages_py
[ 33%] Built target rosgraph_msgs_generate_messages_lisp
[ 33%] Built target sensor_msgs_generate_messages_eus
[ 33%] Built target trajectory_msgs_generate_messages_lisp
[ 33%] Built target actionlib_generate_messages_eus
[ 33%] Built target trajectory_msgs_generate_messages_nodejs
[ 33%] Built target mav_msgs_generate_messages_eus
[ 33%] Built target sensor_msgs_generate_messages_py
[ 33%] Built target tf_generate_messages_py
[ 33%] Built target trajectory_msgs_generate_messages_eus
[ 33%] Built target geometry_msgs_generate_messages_lisp
[ 33%] Built target roscpp_generate_messages_py
[ 33%] Built target sensor_msgs_generate_messages_lisp
[ 33%] Built target std_msgs_generate_messages_py
[ 33%] Built target rosgraph_msgs_generate_messages_nodejs
[ 33%] Built target trajectory_msgs_generate_messages_py
[ 33%] Built target std_srvs_generate_messages_eus
[ 33%] Built target roscpp_generate_messages_lisp
[ 33%] Built target geometry_msgs_generate_messages_nodejs
[ 33%] Built target geometry_msgs_generate_messages_py
[ 33%] Built target actionlib_msgs_generate_messages_py
[ 33%] Built target sensor_msgs_generate_messages_cpp
[ 33%] Built target roscpp_generate_messages_nodejs
[ 33%] Built target std_msgs_generate_messages_nodejs
[ 33%] Built target std_msgs_generate_messages_lisp
[ 33%] Built target std_srvs_generate_messages_lisp
[ 33%] Built target std_srvs_generate_messages_nodejs
[ 33%] Built target actionlib_generate_messages_lisp
[ 33%] Built target std_srvs_generate_messages_py
[ 33%] Built target actionlib_msgs_generate_messages_cpp
[ 33%] Built target mav_msgs_generate_messages_lisp
[ 33%] Built target tf_generate_messages_eus
[ 33%] Built target tf_generate_messages_nodejs
[ 33%] Built target tf_generate_messages_lisp
[ 33%] Built target tf_generate_messages_cpp
[ 33%] Built target mav_msgs_generate_messages_nodejs
[ 33%] Built target actionlib_generate_messages_nodejs
[ 33%] Built target roscpp_generate_messages_eus
[ 33%] Built target rosgraph_msgs_generate_messages_py
[ 33%] Built target actionlib_msgs_generate_messages_eus
[ 33%] Built target mav_msgs_generate_messages_cpp
[ 33%] Built target actionlib_msgs_generate_messages_lisp
[ 33%] Built target actionlib_msgs_generate_messages_nodejs
[ 33%] Built target tf2_msgs_generate_messages_cpp
[ 33%] Built target tf2_msgs_generate_messages_eus
[ 33%] Built target tf2_msgs_generate_messages_lisp
[ 33%] Built target actionlib_generate_messages_py
[ 33%] Built target tf2_msgs_generate_messages_nodejs
[ 33%] Built target tf2_msgs_generate_messages_py
[ 33%] Built target std_msgs_generate_messages_eus
[ 34%] Built target gazebo_gps_plugin
[ 34%] Built target gazebo_sonar_plugin
[ 35%] Built target rotors_gazebo_pressure_plugin
[ 36%] Built target rotors_gazebo_controller_interface
[ 36%] Built target rotors_gazebo_lps_plugin
[ 37%] Built target rotors_gazebo_imu_plugin
[ 38%] Built target cfHandler_sf
[ 40%] Built target models_gen
[ 41%] Built target rotors_gazebo_multirotor_base_plugin
[ 42%] Built target rotors_gazebo_wind_plugin
[ 42%] Built target crazyflie_sf
[ 43%] Built target crazyflie_ghost_sf
[ 43%] Built target LiftDragPlugin
[ 44%] Built target rotors_gazebo_odometry_plugin
[ 45%] Built target rotors_gazebo_motor_model
[ 46%] Built target rotors_gazebo_magnetometer_plugin
[ 54%] Built target crazyflie_gazebo_generate_messages_nodejs
[ 64%] Built target crazyflie_gazebo_generate_messages_py
[ 73%] Built target crazyflie_gazebo_generate_messages_lisp
[ 82%] Built target crazyflie_gazebo_generate_messages_eus
[ 91%] Built target crazyflie_gazebo_generate_messages_cpp
[ 92%] Built target gazebo_cfGhost_plugin
[ 93%] Built target crazyflie_ros
[ 94%] Built target joy_control_node
[ 95%] Built target test_cf
[ 96%] Built target crazyflie_add
[ 97%] Built target crazyflie_server
[ 98%] Built target rotors_gazebo_ros_interface_plugin
[ 98%] Built target crazyflie_gazebo_generate_messages
[100%] Built target gazebo_cfHandler_plugin
