Determining if the pthread_create exist failed with the following output:
Change Dir: /home/pascal/dd2419_ws/build/aruco/CMakeFiles/CMakeTmp

Run Build Command:"/usr/bin/make" "cmTC_010ae/fast"
/usr/bin/make -f CMakeFiles/cmTC_010ae.dir/build.make CMakeFiles/cmTC_010ae.dir/build
make[1]: Entering directory '/home/pascal/dd2419_ws/build/aruco/CMakeFiles/CMakeTmp'
Building C object CMakeFiles/cmTC_010ae.dir/CheckSymbolExists.c.o
/usr/bin/cc    -o CMakeFiles/cmTC_010ae.dir/CheckSymbolExists.c.o   -c /home/pascal/dd2419_ws/build/aruco/CMakeFiles/CMakeTmp/CheckSymbolExists.c
Linking C executable cmTC_010ae
/usr/bin/cmake -E cmake_link_script CMakeFiles/cmTC_010ae.dir/link.txt --verbose=1
/usr/bin/cc      -rdynamic CMakeFiles/cmTC_010ae.dir/CheckSymbolExists.c.o  -o cmTC_010ae 
CMakeFiles/cmTC_010ae.dir/CheckSymbolExists.c.o: In function `main':
CheckSymbolExists.c:(.text+0x1b): undefined reference to `pthread_create'
collect2: error: ld returned 1 exit status
CMakeFiles/cmTC_010ae.dir/build.make:97: recipe for target 'cmTC_010ae' failed
make[1]: *** [cmTC_010ae] Error 1
make[1]: Leaving directory '/home/pascal/dd2419_ws/build/aruco/CMakeFiles/CMakeTmp'
Makefile:126: recipe for target 'cmTC_010ae/fast' failed
make: *** [cmTC_010ae/fast] Error 2

File /home/pascal/dd2419_ws/build/aruco/CMakeFiles/CMakeTmp/CheckSymbolExists.c:
/* */
#include <pthread.h>

int main(int argc, char** argv)
{
  (void)argv;
#ifndef pthread_create
  return ((int*)(&pthread_create))[argc];
#else
  (void)argc;
  return 0;
#endif
}

Determining if the function pthread_create exists in the pthreads failed with the following output:
Change Dir: /home/pascal/dd2419_ws/build/aruco/CMakeFiles/CMakeTmp

Run Build Command:"/usr/bin/make" "cmTC_3edff/fast"
/usr/bin/make -f CMakeFiles/cmTC_3edff.dir/build.make CMakeFiles/cmTC_3edff.dir/build
make[1]: Entering directory '/home/pascal/dd2419_ws/build/aruco/CMakeFiles/CMakeTmp'
Building C object CMakeFiles/cmTC_3edff.dir/CheckFunctionExists.c.o
/usr/bin/cc   -DCHECK_FUNCTION_EXISTS=pthread_create   -o CMakeFiles/cmTC_3edff.dir/CheckFunctionExists.c.o   -c /usr/share/cmake-3.10/Modules/CheckFunctionExists.c
Linking C executable cmTC_3edff
/usr/bin/cmake -E cmake_link_script CMakeFiles/cmTC_3edff.dir/link.txt --verbose=1
/usr/bin/cc  -DCHECK_FUNCTION_EXISTS=pthread_create    -rdynamic CMakeFiles/cmTC_3edff.dir/CheckFunctionExists.c.o  -o cmTC_3edff -lpthreads 
/usr/bin/ld: cannot find -lpthreads
collect2: error: ld returned 1 exit status
CMakeFiles/cmTC_3edff.dir/build.make:97: recipe for target 'cmTC_3edff' failed
make[1]: *** [cmTC_3edff] Error 1
make[1]: Leaving directory '/home/pascal/dd2419_ws/build/aruco/CMakeFiles/CMakeTmp'
Makefile:126: recipe for target 'cmTC_3edff/fast' failed
make: *** [cmTC_3edff/fast] Error 2


